00:20:27.474 [main] INFO  api.test.UserTests - ***************************Creating User*************************
00:20:30.733 [main] INFO  api.test.UserTests - ***************************User is created*************************
00:20:30.745 [main] INFO  api.test.UserTests - ***************************Reading User info*************************
00:20:32.306 [main] INFO  api.test.UserTests - ***************************Reading info is displayed*************************
00:20:32.309 [main] INFO  api.test.UserTests - ***************************Updating user*************************
00:20:33.832 [main] INFO  api.test.UserTests - ***************************user updated*************************
00:20:35.372 [main] INFO  api.test.UserTests - ***************************Deleting  user*************************
00:20:36.800 [main] INFO  api.test.UserTests - *************************** user deleted*************************
05:39:38.495 [main] INFO  api.test.UserTests2 - ***************************Creating User*************************
05:39:42.303 [main] INFO  api.test.UserTests2 - ***************************User is created*************************
05:39:42.323 [main] INFO  api.test.UserTests2 - ***************************Reading User info*************************
05:39:43.772 [main] INFO  api.test.UserTests2 - ***************************Reading info is displayed*************************
05:39:43.776 [main] INFO  api.test.UserTests2 - ***************************Updating user*************************
05:39:45.281 [main] INFO  api.test.UserTests2 - ***************************user updated*************************
05:39:46.792 [main] INFO  api.test.UserTests2 - ***************************Deleting  user*************************
05:39:48.712 [main] INFO  api.test.UserTests2 - *************************** user deleted*************************
05:39:57.356 [main] INFO  api.test.UserTests2 - ***************************Creating User*************************
05:40:00.286 [main] INFO  api.test.UserTests2 - ***************************User is created*************************
05:40:00.300 [main] INFO  api.test.UserTests2 - ***************************Reading User info*************************
05:40:02.175 [main] INFO  api.test.UserTests2 - ***************************Updating user*************************
05:40:03.873 [main] INFO  api.test.UserTests2 - ***************************user updated*************************
05:40:05.452 [main] INFO  api.test.UserTests2 - ***************************Deleting  user*************************
05:40:06.808 [main] INFO  api.test.UserTests2 - *************************** user deleted*************************
05:40:19.832 [main] INFO  api.test.UserTests2 - ***************************Creating User*************************
05:40:23.225 [main] INFO  api.test.UserTests2 - ***************************User is created*************************
05:40:23.237 [main] INFO  api.test.UserTests2 - ***************************Reading User info*************************
05:40:25.025 [main] INFO  api.test.UserTests2 - ***************************Reading info is displayed*************************
05:40:25.029 [main] INFO  api.test.UserTests2 - ***************************Updating user*************************
05:40:26.437 [main] INFO  api.test.UserTests2 - ***************************user updated*************************
05:40:27.780 [main] INFO  api.test.UserTests2 - ***************************Deleting  user*************************
05:40:29.179 [main] INFO  api.test.UserTests2 - *************************** user deleted*************************
07:43:32.835 [main] INFO  api.test.UserTests2 - ***************************Creating User*************************
07:43:37.142 [main] INFO  api.test.UserTests2 - ***************************User is created*************************
07:43:37.155 [main] INFO  api.test.UserTests2 - ***************************Reading User info*************************
07:43:38.765 [main] INFO  api.test.UserTests2 - ***************************Updating user*************************
07:43:40.329 [main] INFO  api.test.UserTests2 - ***************************user updated*************************
07:43:42.388 [main] INFO  api.test.UserTests2 - ***************************Deleting  user*************************
07:44:02.273 [main] INFO  api.test.UserTests2 - ***************************Creating User*************************
07:44:06.065 [main] INFO  api.test.UserTests2 - ***************************User is created*************************
07:44:06.089 [main] INFO  api.test.UserTests2 - ***************************Reading User info*************************
07:44:08.186 [main] INFO  api.test.UserTests2 - ***************************Reading info is displayed*************************
07:44:08.188 [main] INFO  api.test.UserTests2 - ***************************Updating user*************************
07:44:09.930 [main] INFO  api.test.UserTests2 - ***************************user updated*************************
07:44:11.586 [main] INFO  api.test.UserTests2 - ***************************Deleting  user*************************
07:44:13.322 [main] INFO  api.test.UserTests2 - *************************** user deleted*************************
08:37:17.730 [main] INFO  api.test.UserTests2 - ***************************Creating User*************************
08:37:21.581 [main] INFO  api.test.UserTests2 - ***************************User is created*************************
08:37:21.596 [main] INFO  api.test.UserTests2 - ***************************Reading User info*************************
08:37:23.359 [main] INFO  api.test.UserTests2 - ***************************Reading info is displayed*************************
08:37:23.361 [main] INFO  api.test.UserTests2 - ***************************Updating user*************************
08:37:25.054 [main] INFO  api.test.UserTests2 - ***************************user updated*************************
08:37:26.612 [main] INFO  api.test.UserTests2 - ***************************Deleting  user*************************
08:37:28.087 [main] INFO  api.test.UserTests2 - *************************** user deleted*************************
14:27:18.587 [main] INFO  api.test.UserTests2 - ***************************Creating User*************************
14:27:21.591 [main] INFO  api.test.UserTests2 - ***************************User is created*************************
14:27:21.604 [main] INFO  api.test.UserTests2 - ***************************Reading User info*************************
14:27:22.831 [main] INFO  api.test.UserTests2 - ***************************Updating user*************************
14:27:23.974 [main] INFO  api.test.UserTests2 - ***************************user updated*************************
14:27:25.307 [main] INFO  api.test.UserTests2 - ***************************Deleting  user*************************
14:27:26.611 [main] INFO  api.test.UserTests2 - *************************** user deleted*************************
14:27:42.051 [main] INFO  api.test.UserTests2 - ***************************Creating User*************************
14:27:44.496 [main] INFO  api.test.UserTests2 - ***************************User is created*************************
14:27:44.506 [main] INFO  api.test.UserTests2 - ***************************Reading User info*************************
14:27:45.691 [main] INFO  api.test.UserTests2 - ***************************Updating user*************************
14:27:46.944 [main] INFO  api.test.UserTests2 - ***************************user updated*************************
14:27:48.219 [main] INFO  api.test.UserTests2 - ***************************Deleting  user*************************
14:27:49.480 [main] INFO  api.test.UserTests2 - *************************** user deleted*************************
14:28:37.361 [main] INFO  api.test.UserTests2 - ***************************Creating User*************************
14:28:39.941 [main] INFO  api.test.UserTests2 - ***************************User is created*************************
14:28:39.950 [main] INFO  api.test.UserTests2 - ***************************Reading User info*************************
14:28:41.222 [main] INFO  api.test.UserTests2 - ***************************Updating user*************************
14:28:42.412 [main] INFO  api.test.UserTests2 - ***************************user updated*************************
14:28:43.665 [main] INFO  api.test.UserTests2 - ***************************Deleting  user*************************
14:28:44.889 [main] INFO  api.test.UserTests2 - *************************** user deleted*************************
14:28:52.631 [main] INFO  api.test.UserTests2 - ***************************Creating User*************************
14:28:55.183 [main] INFO  api.test.UserTests2 - ***************************User is created*************************
14:28:55.194 [main] INFO  api.test.UserTests2 - ***************************Reading User info*************************
14:28:56.505 [main] INFO  api.test.UserTests2 - ***************************Reading info is displayed*************************
14:28:56.507 [main] INFO  api.test.UserTests2 - ***************************Updating user*************************
14:28:57.660 [main] INFO  api.test.UserTests2 - ***************************user updated*************************
14:28:58.878 [main] INFO  api.test.UserTests2 - ***************************Deleting  user*************************
14:29:08.186 [main] INFO  api.test.UserTests2 - ***************************Creating User*************************
14:29:10.729 [main] INFO  api.test.UserTests2 - ***************************User is created*************************
14:29:10.739 [main] INFO  api.test.UserTests2 - ***************************Reading User info*************************
14:29:12.086 [main] INFO  api.test.UserTests2 - ***************************Reading info is displayed*************************
14:29:12.088 [main] INFO  api.test.UserTests2 - ***************************Updating user*************************
14:29:13.355 [main] INFO  api.test.UserTests2 - ***************************user updated*************************
14:29:14.559 [main] INFO  api.test.UserTests2 - ***************************Deleting  user*************************
14:29:15.762 [main] INFO  api.test.UserTests2 - *************************** user deleted*************************
